<?xml version="1.0" encoding="UTF-8"?>
<!-- Generated by org.testng.reporters.JUnitXMLReporter -->
<testsuite hostname="ESMADLPT075" ignored="0" name="authentication unsuccessful" tests="3" failures="0" timestamp="27 jul 2018 18:41:42 GMT" time="1.753" errors="0">
  <testcase name="TestGetBasicAuthWrongPass" time="1.424" classname="es.payvision.tests.TestAuthorizationRequestUnsuccessful"/>
  <testcase name="TestGetBasicAuthWrongUser" time="0.138" classname="es.payvision.tests.TestAuthorizationRequestUnsuccessful"/>
  <testcase name="TestGetNoAuth" time="0.165" classname="es.payvision.tests.TestAuthorizationRequestUnsuccessful"/>
</testsuite> <!-- authentication unsuccessful -->
