<?xml version="1.0" encoding="UTF-8"?>
<!-- Generated by org.testng.reporters.JUnitXMLReporter -->
<testsuite hostname="ESMADLPT075" ignored="0" name="filter currency Code" tests="4" failures="0" timestamp="27 jul 2018 18:41:45 GMT" time="0.614" errors="0">
  <testcase name="TestCurrencyCodeById" time="0.175" classname="es.payvision.tests.TestCurrencyCode"/>
  <testcase name="TestCurrencyCodeByWrongId" time="0.148" classname="es.payvision.tests.TestCurrencyCode"/>
  <testcase name="TestCurrencyCodeSuccessfull" time="0.133" classname="es.payvision.tests.TestCurrencyCode"/>
  <testcase name="TestCurrencyCodeUnsuccessfull" time="0.152" classname="es.payvision.tests.TestCurrencyCode"/>
</testsuite> <!-- filter currency Code -->
