<?xml version="1.0" encoding="UTF-8"?>
<!-- Generated by org.testng.reporters.JUnitXMLReporter -->
<testsuite hostname="ESMADLPT075" ignored="0" name="filter payment" tests="4" failures="0" timestamp="27 jul 2018 18:41:44 GMT" time="0.581" errors="0">
  <testcase name="TestFilterPaymentById" time="0.158" classname="es.payvision.tests.TestFilterPaymentAction"/>
  <testcase name="TestFilterPaymentByWrongId" time="0.14" classname="es.payvision.tests.TestFilterPaymentAction"/>
  <testcase name="TestFilterPaymentSuccessfull" time="0.143" classname="es.payvision.tests.TestFilterPaymentAction"/>
  <testcase name="TestFilterPaymentUnsuccessfull" time="0.136" classname="es.payvision.tests.TestFilterPaymentAction"/>
</testsuite> <!-- filter payment -->
