<?xml version="1.0" encoding="UTF-8"?>
<!-- Generated by org.testng.reporters.JUnitXMLReporter -->
<testsuite hostname="ESMADLPT075" ignored="0" name="filter Action and Currency" tests="4" failures="0" timestamp="27 jul 2018 18:41:45 GMT" time="0.554" errors="0">
  <testcase name="TestFilterActionAndCurrencyById" time="0.153" classname="es.payvision.tests.TestFilterActionAndCurrency"/>
  <testcase name="TestFilterActionAndCurrencyByWrongId" time="0.139" classname="es.payvision.tests.TestFilterActionAndCurrency"/>
  <testcase name="TestFilterActionAndCurrencySuccessfull" time="0.127" classname="es.payvision.tests.TestFilterActionAndCurrency"/>
  <testcase name="TestFilterActionAndCurrencyUnsuccessfull" time="0.13" classname="es.payvision.tests.TestFilterActionAndCurrency"/>
</testsuite> <!-- filter Action and Currency -->
