<?xml version="1.0" encoding="UTF-8"?>
<!-- Generated by org.testng.reporters.JUnitXMLReporter -->
<testsuite hostname="ESMADLPT075" ignored="0" name="filter credit" tests="4" failures="0" timestamp="27 jul 2018 18:41:43 GMT" time="0.944" errors="0">
  <testcase name="TestFilterCreditById" time="0.492" classname="es.payvision.tests.TestFilterCreditAction"/>
  <testcase name="TestFilterCreditByWrongId" time="0.145" classname="es.payvision.tests.TestFilterCreditAction"/>
  <testcase name="TestFilterCreditSuccessfull" time="0.155" classname="es.payvision.tests.TestFilterCreditAction"/>
  <testcase name="TestFilterCreditUnsuccessfull" time="0.139" classname="es.payvision.tests.TestFilterCreditAction"/>
</testsuite> <!-- filter credit -->
